<?xml version="1.0" encoding="UTF-8"?>
<!-- Generated by org.testng.reporters.JUnitReportReporter -->
<testsuite hostname="LAPTOP-J6LJTR4D" failures="0" tests="6" name="cucumber.Options.testRunner" time="41.579" errors="0" timestamp="2024-01-07T18:35:53 IST" skipped="0">
  <testcase classname="cucumber.Options.testRunner" name="runScenario" time="6.583"/>
  <system-out/>
  <testcase classname="cucumber.Options.testRunner" name="runScenario" time="4.285"/>
  <system-out/>
  <testcase classname="cucumber.Options.testRunner" name="runScenario" time="5.579"/>
  <system-out/>
  <testcase classname="cucumber.Options.testRunner" name="runScenario" time="12.001"/>
  <system-out/>
  <testcase classname="cucumber.Options.testRunner" name="runScenario" time="6.394"/>
  <system-out/>
  <testcase classname="cucumber.Options.testRunner" name="runScenario" time="6.737"/>
  <system-out/>
</testsuite> <!-- cucumber.Options.testRunner -->
